<?xml version="1.0" encoding="UTF-8"?>
<!-- Generated by org.testng.reporters.JUnitReportReporter -->
<testsuite hostname="himaanshu" failures="0" tests="3" name="test.UploadAndDownload_test" time="2.484" errors="0" timestamp="2023-03-21T20:33:50 IST" skipped="0">
  <testcase classname="test.UploadAndDownload_test" name="clickOnElement" time="0.251"/>
  <system-out/>
  <testcase classname="test.UploadAndDownload_test" name="clickonuploaddownload" time="0.325"/>
  <system-out/>
  <testcase classname="test.UploadAndDownload_test" name="clickonchose" time="1.908"/>
  <system-out/>
</testsuite> <!-- test.UploadAndDownload_test -->
