<?xml version="1.0" encoding="UTF-8"?>
<!-- Generated by org.testng.reporters.JUnitReportReporter -->
<testsuite hostname="himaanshu" failures="0" tests="3" name="test.Alert_test" time="1.321" errors="0" timestamp="2023-02-08T22:44:10 IST" skipped="0">
  <testcase classname="test.Alert_test" name="clickonalertframe" time="0.242"/>
  <system-out/>
  <testcase classname="test.Alert_test" name="clickonalerts" time="0.374"/>
  <system-out/>
  <testcase classname="test.Alert_test" name="clickme1alert" time="0.705"/>
  <system-out/>
</testsuite> <!-- test.Alert_test -->
