<?xml version="1.0" encoding="UTF-8"?>
<!-- Generated by org.testng.reporters.JUnitReportReporter -->
<testsuite hostname="himaanshu" failures="0" tests="5" name="test.Button_test" time="1.346" errors="0" timestamp="2023-02-01T00:05:27 IST" skipped="0">
  <testcase classname="test.Button_test" name="clickOnElement" time="0.272"/>
  <system-out/>
  <testcase classname="test.Button_test" name="clickOnButton" time="0.266"/>
  <system-out/>
  <testcase classname="test.Button_test" name="doubleclick" time="0.292"/>
  <system-out/>
  <testcase classname="test.Button_test" name="rightclick" time="0.274"/>
  <system-out/>
  <testcase classname="test.Button_test" name="clicktext" time="0.242"/>
  <system-out/>
</testsuite> <!-- test.Button_test -->
