<?xml version="1.0" encoding="UTF-8"?>
<!-- Generated by org.testng.reporters.JUnitReportReporter -->
<testsuite hostname="himaanshu" failures="0" tests="1" name="test.LoginTest" time="0.046" errors="0" timestamp="2022-11-03T19:05:42 IST" skipped="0">
  <testcase classname="test.LoginTest" name="getTitle" time="0.046"/>
  <system-out/>
</testsuite> <!-- test.LoginTest -->
