<?xml version="1.0" encoding="UTF-8"?>
<!-- Generated by org.testng.reporters.JUnitReportReporter -->
<testsuite hostname="himaanshu" failures="0" tests="3" name="test.Webtable_test" time="3.585" errors="0" timestamp="2023-01-31T22:14:14 IST" skipped="0">
  <testcase classname="test.Webtable_test" name="clickOnElement" time="0.325"/>
  <system-out/>
  <testcase classname="test.Webtable_test" name="clickOnwebtable" time="0.312"/>
  <system-out/>
  <testcase classname="test.Webtable_test" name="filldetails" time="2.948"/>
  <system-out/>
</testsuite> <!-- test.Webtable_test -->
