<?xml version="1.0" encoding="UTF-8"?>
<!-- Generated by org.testng.reporters.JUnitReportReporter -->
<testsuite hostname="himaanshu" failures="0" tests="5" name="test.CheckBox_test" time="1.865" errors="0" timestamp="2022-11-27T17:10:09 IST" skipped="0">
  <testcase classname="test.CheckBox_test" name="clickOnElementButton" time="0.250"/>
  <system-out/>
  <testcase classname="test.CheckBox_test" name="clickOnCheckBoxButton" time="0.350"/>
  <system-out/>
  <testcase classname="test.CheckBox_test" name="clickOnmobilecheckboxButton" time="0.614"/>
  <system-out/>
  <testcase classname="test.CheckBox_test" name="clickOnlaptopcheckboxbutton" time="0.324"/>
  <system-out/>
  <testcase classname="test.CheckBox_test" name="clickOndesktopcheckboxButton" time="0.327"/>
  <system-out/>
</testsuite> <!-- test.CheckBox_test -->
