<?xml version="1.0" encoding="UTF-8"?>
<!-- Generated by org.testng.reporters.JUnitReportReporter -->
<testsuite hostname="himaanshu" failures="0" tests="4" name="test.TextBox_test" time="5.514" errors="0" timestamp="2022-11-27T18:33:57 IST" skipped="0">
  <testcase classname="test.TextBox_test" name="clickOnElement" time="0.218"/>
  <system-out/>
  <testcase classname="test.TextBox_test" name="clickonTextBoxbutton" time="0.284"/>
  <system-out/>
  <testcase classname="test.TextBox_test" name="sendTextfullname" time="3.874"/>
  <system-out/>
  <testcase classname="test.TextBox_test" name="getVerifyDetails" time="1.138"/>
  <system-out/>
</testsuite> <!-- test.TextBox_test -->
